TN:
SF:src/commands/upload-markdown.js
FN:8,runUploadMarkdown
FN:18,runUploadMarkdownCli
FN:19,(anonymous_2)
FN:20,(anonymous_3)
FNF:4
FNH:3
FNDA:2,runUploadMarkdown
FNDA:2,runUploadMarkdownCli
FNDA:1,(anonymous_2)
FNDA:0,(anonymous_3)
DA:1,1
DA:9,2
DA:19,2
DA:20,2
DA:21,2
DA:22,2
DA:23,1
DA:25,1
DA:26,1
DA:30,1
LF:10
LH:10
BRDA:18,0,0,1
BRDA:19,1,0,2
BRDA:19,1,1,2
BRDA:20,2,0,2
BRDA:20,2,1,1
BRF:5
BRH:5
end_of_record
TN:
SF:src/commands/upload-spec.js
FN:7,runUploadSpec
FN:34,runUploadSpecCli
FN:35,(anonymous_2)
FN:36,(anonymous_3)
FNF:4
FNH:4
FNDA:4,runUploadSpec
FNDA:2,runUploadSpecCli
FNDA:1,(anonymous_2)
FNDA:1,(anonymous_3)
DA:1,2
DA:8,4
DA:9,2
DA:10,2
DA:11,2
DA:12,2
DA:13,2
DA:14,2
DA:15,2
DA:16,1
DA:18,2
DA:19,2
DA:23,1
DA:35,2
DA:36,2
DA:37,2
DA:38,2
DA:40,2
DA:41,2
DA:45,2
LF:20
LH:20
BRDA:15,0,0,1
BRDA:15,0,1,1
BRDA:15,1,0,2
BRDA:15,1,1,2
BRDA:19,2,0,1
BRDA:19,2,1,1
BRDA:20,3,0,2
BRDA:20,3,1,2
BRDA:34,4,0,1
BRDA:35,5,0,2
BRDA:35,5,1,1
BRDA:36,6,0,2
BRDA:36,6,1,1
BRF:13
BRH:13
end_of_record
TN:
SF:src/devportal/portal.js
FN:12,(anonymous_0)
FN:36,(anonymous_1)
FN:49,(anonymous_2)
FN:55,(anonymous_3)
FN:73,(anonymous_4)
FN:114,(anonymous_5)
FN:126,(anonymous_6)
FN:131,(anonymous_7)
FN:152,(anonymous_8)
FN:160,(anonymous_9)
FN:165,(anonymous_10)
FN:178,(anonymous_11)
FN:202,(anonymous_12)
FN:212,(anonymous_13)
FN:217,(anonymous_14)
FN:228,(anonymous_15)
FN:270,(anonymous_16)
FN:272,(anonymous_17)
FN:320,(anonymous_18)
FN:325,(anonymous_19)
FN:335,(anonymous_20)
FN:385,(anonymous_21)
FN:387,(anonymous_22)
FN:434,(anonymous_23)
FN:477,(anonymous_24)
FN:481,(anonymous_25)
FN:506,(anonymous_26)
FN:510,(anonymous_27)
FN:512,(anonymous_28)
FN:517,(anonymous_29)
FNF:30
FNH:25
FNDA:23,(anonymous_0)
FNDA:30,(anonymous_1)
FNDA:17,(anonymous_2)
FNDA:17,(anonymous_3)
FNDA:5,(anonymous_4)
FNDA:7,(anonymous_5)
FNDA:4,(anonymous_6)
FNDA:3,(anonymous_7)
FNDA:1,(anonymous_8)
FNDA:3,(anonymous_9)
FNDA:2,(anonymous_10)
FNDA:2,(anonymous_11)
FNDA:0,(anonymous_12)
FNDA:2,(anonymous_13)
FNDA:1,(anonymous_14)
FNDA:0,(anonymous_15)
FNDA:0,(anonymous_16)
FNDA:0,(anonymous_17)
FNDA:6,(anonymous_18)
FNDA:5,(anonymous_19)
FNDA:2,(anonymous_20)
FNDA:1,(anonymous_21)
FNDA:0,(anonymous_22)
FNDA:7,(anonymous_23)
FNDA:3,(anonymous_24)
FNDA:1,(anonymous_25)
FNDA:1,(anonymous_26)
FNDA:2,(anonymous_27)
FNDA:2,(anonymous_28)
FNDA:2,(anonymous_29)
DA:1,2
DA:2,2
DA:3,2
DA:4,2
DA:5,2
DA:6,2
DA:7,2
DA:8,2
DA:13,23
DA:14,23
DA:15,18
DA:16,19
DA:17,9
DA:21,23
DA:22,5
DA:23,6
DA:24,1
DA:26,5
DA:27,5
DA:28,4
DA:33,23
DA:37,30
DA:38,30
DA:39,30
DA:40,22
DA:41,22
DA:42,22
DA:45,22
DA:46,22
DA:47,22
DA:48,22
DA:49,17
DA:52,1
DA:54,21
DA:55,17
DA:58,29
DA:59,29
DA:67,29
DA:68,24
DA:74,5
DA:75,4
DA:77,1
DA:83,1
DA:84,0
DA:88,0
DA:92,0
DA:98,0
DA:101,1
DA:109,1
DA:110,1
DA:115,7
DA:117,7
DA:118,5
DA:120,2
DA:121,1
DA:123,1
DA:127,4
DA:128,1
DA:130,3
DA:132,3
DA:135,3
DA:136,3
DA:137,3
DA:138,1
DA:140,3
DA:153,1
DA:154,1
DA:161,3
DA:162,1
DA:164,2
DA:166,2
DA:167,2
DA:168,2
DA:169,2
DA:170,2
DA:177,2
DA:179,2
DA:181,2
DA:182,1
DA:183,1
DA:184,1
DA:186,0
DA:187,0
DA:189,1
DA:203,0
DA:204,0
DA:213,2
DA:214,1
DA:216,1
DA:218,1
DA:219,0
DA:223,1
DA:224,1
DA:227,1
DA:228,0
DA:232,1
DA:233,0
DA:236,0
DA:239,1
DA:240,1
DA:248,1
DA:249,0
DA:250,0
DA:253,1
DA:254,1
DA:257,1
DA:258,0
DA:262,0
DA:263,0
DA:267,0
DA:269,0
DA:271,0
DA:272,0
DA:275,0
DA:276,0
DA:279,0
DA:282,0
DA:283,0
DA:284,0
DA:291,0
DA:300,0
DA:305,0
DA:309,0
DA:314,0
DA:321,6
DA:322,1
DA:324,5
DA:326,5
DA:327,1
DA:331,5
DA:332,5
DA:334,5
DA:335,2
DA:339,5
DA:340,2
DA:341,1
DA:347,1
DA:350,1
DA:352,3
DA:354,3
DA:357,3
DA:363,4
DA:364,0
DA:369,4
DA:370,4
DA:372,4
DA:373,1
DA:377,1
DA:378,1
DA:382,1
DA:384,1
DA:386,1
DA:387,0
DA:390,1
DA:391,0
DA:394,0
DA:397,1
DA:398,1
DA:399,1
DA:406,0
DA:415,0
DA:420,0
DA:424,1
DA:435,7
DA:439,0
DA:441,7
DA:442,1
DA:446,6
DA:447,1
DA:450,6
DA:451,6
DA:453,6
DA:454,6
DA:456,6
DA:457,1
DA:463,1
DA:464,1
DA:467,5
DA:471,1
DA:476,4
DA:477,3
DA:480,4
DA:481,2
DA:482,2
DA:483,1
DA:489,1
DA:494,2
DA:500,2
DA:507,1
DA:510,1
DA:511,2
DA:512,2
DA:518,2
DA:519,1
DA:521,2
DA:522,2
DA:525,2
DA:538,2
LF:198
LH:158
BRDA:14,0,0,18
BRDA:14,0,1,5
BRDA:16,1,0,9
BRDA:16,1,1,10
BRDA:21,2,0,5
BRDA:21,2,1,18
BRDA:23,3,0,1
BRDA:23,3,1,5
BRDA:27,4,0,4
BRDA:27,4,1,1
BRDA:39,5,0,22
BRDA:39,5,1,8
BRDA:42,6,0,10
BRDA:42,6,1,12
BRDA:48,7,0,1
BRDA:48,7,1,21
BRDA:49,8,0,22
BRDA:49,8,1,17
BRDA:49,8,2,5
BRDA:54,9,0,17
BRDA:54,9,1,4
BRDA:67,10,0,24
BRDA:67,10,1,5
BRDA:74,11,0,4
BRDA:74,11,1,1
BRDA:83,12,0,0
BRDA:83,12,1,1
BRDA:83,13,0,1
BRDA:83,13,1,0
BRDA:117,14,0,5
BRDA:117,14,1,2
BRDA:117,15,0,7
BRDA:117,15,1,7
BRDA:120,16,0,1
BRDA:120,16,1,1
BRDA:127,17,0,1
BRDA:127,17,1,3
BRDA:137,18,0,1
BRDA:137,18,1,2
BRDA:144,19,0,1
BRDA:144,19,1,2
BRDA:161,20,0,1
BRDA:161,20,1,2
BRDA:181,21,0,1
BRDA:181,21,1,1
BRDA:182,22,0,1
BRDA:182,22,1,0
BRDA:193,23,0,1
BRDA:193,23,1,0
BRDA:213,24,0,1
BRDA:213,24,1,1
BRDA:218,25,0,0
BRDA:218,25,1,1
BRDA:232,26,0,0
BRDA:232,26,1,1
BRDA:248,27,0,0
BRDA:248,27,1,1
BRDA:248,28,0,1
BRDA:248,28,1,0
BRDA:257,29,0,0
BRDA:257,29,1,1
BRDA:267,30,0,0
BRDA:267,30,1,0
BRDA:275,31,0,0
BRDA:275,31,1,0
BRDA:321,32,0,1
BRDA:321,32,1,5
BRDA:321,33,0,6
BRDA:321,33,1,6
BRDA:326,34,0,1
BRDA:326,34,1,4
BRDA:339,35,0,2
BRDA:339,35,1,3
BRDA:340,36,0,1
BRDA:340,36,1,1
BRDA:343,37,0,1
BRDA:343,37,1,0
BRDA:354,38,0,2
BRDA:354,38,1,1
BRDA:354,39,0,3
BRDA:354,39,1,2
BRDA:363,40,0,0
BRDA:363,40,1,4
BRDA:363,41,0,4
BRDA:363,41,1,0
BRDA:372,42,0,1
BRDA:372,42,1,3
BRDA:382,43,0,1
BRDA:382,43,1,0
BRDA:390,44,0,0
BRDA:390,44,1,1
BRDA:435,45,0,0
BRDA:435,45,1,7
BRDA:436,46,0,7
BRDA:436,46,1,7
BRDA:441,47,0,1
BRDA:441,47,1,6
BRDA:446,48,0,1
BRDA:446,48,1,5
BRDA:451,49,0,6
BRDA:451,49,1,0
BRDA:456,50,0,1
BRDA:456,50,1,5
BRDA:467,51,0,1
BRDA:467,51,1,4
BRDA:468,52,0,5
BRDA:468,52,1,5
BRDA:468,52,2,5
BRDA:477,53,0,3
BRDA:477,53,1,3
BRDA:480,54,0,2
BRDA:480,54,1,2
BRDA:482,55,0,1
BRDA:482,55,1,1
BRDA:485,56,0,1
BRDA:485,56,1,0
BRDA:518,57,0,1
BRDA:518,57,1,1
BRF:118
BRH:97
end_of_record
TN:
SF:src/lib/formatAxiosError.js
FN:5,formatRequestError
FNF:1
FNH:1
FNDA:17,formatRequestError
DA:6,17
DA:7,1
DA:9,16
DA:10,1
DA:13,15
DA:14,15
DA:15,10
DA:16,10
DA:17,10
DA:18,10
DA:19,10
DA:20,10
DA:21,9
DA:23,1
DA:28,10
DA:29,10
DA:30,10
DA:31,7
DA:32,3
DA:33,1
DA:36,1
DA:38,10
DA:39,10
DA:41,5
DA:43,1
DA:46,1
DA:48,4
DA:49,3
DA:51,1
DA:52,1
DA:54,1
DA:58,6
LF:32
LH:32
BRDA:6,0,0,1
BRDA:6,0,1,16
BRDA:9,1,0,1
BRDA:9,1,1,15
BRDA:14,2,0,10
BRDA:14,2,1,5
BRDA:16,3,0,10
BRDA:16,3,1,2
BRDA:17,4,0,10
BRDA:17,4,1,0
BRDA:18,5,0,10
BRDA:18,5,1,9
BRDA:18,5,2,1
BRDA:20,6,0,9
BRDA:20,6,1,1
BRDA:20,7,0,10
BRDA:20,7,1,9
BRDA:24,8,0,1
BRDA:24,8,1,1
BRDA:24,8,2,1
BRDA:30,9,0,7
BRDA:30,9,1,3
BRDA:30,10,0,10
BRDA:30,10,1,7
BRDA:32,11,0,1
BRDA:32,11,1,2
BRDA:32,12,0,3
BRDA:32,12,1,2
BRDA:38,13,0,9
BRDA:38,13,1,1
BRDA:41,14,0,1
BRDA:41,14,1,4
BRDA:41,15,0,5
BRDA:41,15,1,1
BRDA:43,16,0,1
BRDA:43,16,1,0
BRDA:46,17,0,0
BRDA:46,17,1,1
BRDA:48,18,0,3
BRDA:48,18,1,1
BRDA:48,19,0,4
BRDA:48,19,1,3
BRF:42
BRH:39
end_of_record
