TN:
SF:src/index.js
FN:10,createProgram
FN:63,(anonymous_1)
FN:119,(anonymous_2)
FNF:3
FNH:3
FNDA:5,createProgram
FNDA:3,(anonymous_1)
FNDA:1,(anonymous_2)
DA:2,1
DA:3,1
DA:4,1
DA:5,1
DA:6,1
DA:7,1
DA:8,1
DA:11,5
DA:13,5
DA:15,5
DA:64,3
DA:77,3
DA:78,3
DA:79,2
DA:81,1
DA:82,1
DA:86,5
DA:120,1
DA:130,1
DA:132,1
DA:133,1
DA:134,1
DA:136,1
DA:138,1
DA:141,5
DA:149,1
LF:26
LH:26
BRF:0
BRH:0
end_of_record
TN:
SF:src/commands/upload-markdown.js
FN:8,runUploadMarkdown
FN:18,runUploadMarkdownCli
FN:19,(anonymous_2)
FN:20,(anonymous_3)
FNF:4
FNH:4
FNDA:3,runUploadMarkdown
FNDA:3,runUploadMarkdownCli
FNDA:2,(anonymous_2)
FNDA:1,(anonymous_3)
DA:1,1
DA:9,3
DA:19,3
DA:20,3
DA:21,3
DA:22,3
DA:23,1
DA:25,2
DA:26,2
DA:30,1
LF:10
LH:10
BRDA:18,0,0,2
BRDA:19,1,0,3
BRDA:19,1,1,3
BRDA:20,2,0,3
BRDA:20,2,1,2
BRF:5
BRH:5
end_of_record
TN:
SF:src/commands/upload-spec.js
FN:7,runUploadSpec
FN:35,runUploadSpecCli
FN:36,(anonymous_2)
FN:37,(anonymous_3)
FNF:4
FNH:4
FNDA:5,runUploadSpec
FNDA:2,runUploadSpecCli
FNDA:1,(anonymous_2)
FNDA:1,(anonymous_3)
DA:1,2
DA:8,5
DA:13,2
DA:14,2
DA:15,2
DA:16,2
DA:17,1
DA:19,2
DA:20,2
DA:24,1
DA:36,2
DA:37,2
DA:38,2
DA:39,2
DA:41,2
DA:42,2
DA:46,2
LF:17
LH:17
BRDA:16,0,0,1
BRDA:16,0,1,1
BRDA:16,1,0,2
BRDA:16,1,1,2
BRDA:20,2,0,1
BRDA:20,2,1,1
BRDA:21,3,0,2
BRDA:21,3,1,2
BRDA:35,4,0,1
BRDA:36,5,0,2
BRDA:36,5,1,1
BRDA:37,6,0,2
BRDA:37,6,1,1
BRF:13
BRH:13
end_of_record
TN:
SF:src/devportal/portal.js
FN:12,(anonymous_0)
FN:36,(anonymous_1)
FN:49,(anonymous_2)
FN:55,(anonymous_3)
FN:73,(anonymous_4)
FN:114,(anonymous_5)
FN:126,(anonymous_6)
FN:131,(anonymous_7)
FN:152,(anonymous_8)
FN:160,(anonymous_9)
FN:165,(anonymous_10)
FN:178,(anonymous_11)
FN:202,(anonymous_12)
FN:212,(anonymous_13)
FN:217,(anonymous_14)
FN:228,(anonymous_15)
FN:270,(anonymous_16)
FN:272,(anonymous_17)
FN:320,(anonymous_18)
FN:325,(anonymous_19)
FN:335,(anonymous_20)
FN:385,(anonymous_21)
FN:387,(anonymous_22)
FN:434,(anonymous_23)
FN:477,(anonymous_24)
FN:481,(anonymous_25)
FN:506,(anonymous_26)
FN:510,(anonymous_27)
FN:512,(anonymous_28)
FN:517,(anonymous_29)
FNF:30
FNH:30
FNDA:37,(anonymous_0)
FNDA:46,(anonymous_1)
FNDA:29,(anonymous_2)
FNDA:29,(anonymous_3)
FNDA:6,(anonymous_4)
FNDA:11,(anonymous_5)
FNDA:4,(anonymous_6)
FNDA:3,(anonymous_7)
FNDA:1,(anonymous_8)
FNDA:5,(anonymous_9)
FNDA:4,(anonymous_10)
FNDA:4,(anonymous_11)
FNDA:1,(anonymous_12)
FNDA:10,(anonymous_13)
FNDA:9,(anonymous_14)
FNDA:1,(anonymous_15)
FNDA:6,(anonymous_16)
FNDA:2,(anonymous_17)
FNDA:10,(anonymous_18)
FNDA:9,(anonymous_19)
FNDA:2,(anonymous_20)
FNDA:3,(anonymous_21)
FNDA:1,(anonymous_22)
FNDA:8,(anonymous_23)
FNDA:3,(anonymous_24)
FNDA:1,(anonymous_25)
FNDA:1,(anonymous_26)
FNDA:2,(anonymous_27)
FNDA:2,(anonymous_28)
FNDA:2,(anonymous_29)
DA:1,2
DA:2,2
DA:3,2
DA:4,2
DA:5,2
DA:6,2
DA:7,2
DA:8,2
DA:13,37
DA:14,37
DA:15,30
DA:16,31
DA:17,10
DA:21,37
DA:22,7
DA:23,8
DA:24,1
DA:26,7
DA:27,7
DA:28,4
DA:33,37
DA:37,46
DA:38,46
DA:39,46
DA:40,36
DA:41,36
DA:42,36
DA:45,36
DA:46,36
DA:47,36
DA:48,36
DA:49,29
DA:52,1
DA:54,35
DA:55,29
DA:58,45
DA:59,45
DA:67,45
DA:68,38
DA:74,6
DA:75,4
DA:77,2
DA:83,2
DA:84,1
DA:88,1
DA:92,1
DA:98,1
DA:101,2
DA:109,2
DA:110,2
DA:115,11
DA:117,11
DA:118,9
DA:120,2
DA:121,1
DA:123,1
DA:127,4
DA:128,1
DA:130,3
DA:132,3
DA:135,3
DA:136,3
DA:137,3
DA:138,1
DA:140,3
DA:153,1
DA:154,1
DA:161,5
DA:162,1
DA:164,4
DA:166,4
DA:167,4
DA:168,4
DA:169,4
DA:170,4
DA:177,4
DA:179,4
DA:181,4
DA:182,3
DA:183,1
DA:184,1
DA:186,2
DA:187,2
DA:189,3
DA:203,1
DA:204,1
DA:213,10
DA:214,1
DA:216,9
DA:218,9
DA:219,1
DA:223,9
DA:224,9
DA:227,8
DA:228,1
DA:232,8
DA:233,1
DA:236,1
DA:239,7
DA:240,7
DA:248,8
DA:249,1
DA:250,1
DA:253,7
DA:254,7
DA:257,7
DA:258,4
DA:262,4
DA:263,4
DA:267,3
DA:269,3
DA:271,6
DA:272,2
DA:275,6
DA:276,1
DA:279,1
DA:282,5
DA:283,5
DA:284,5
DA:291,2
DA:300,1
DA:305,1
DA:309,1
DA:314,1
DA:321,10
DA:322,1
DA:324,9
DA:326,9
DA:327,1
DA:331,9
DA:332,9
DA:334,9
DA:335,2
DA:339,9
DA:340,2
DA:341,1
DA:347,1
DA:350,1
DA:352,7
DA:354,7
DA:357,7
DA:363,8
DA:364,1
DA:369,7
DA:370,7
DA:372,7
DA:373,4
DA:377,4
DA:378,4
DA:382,3
DA:384,3
DA:386,3
DA:387,1
DA:390,3
DA:391,1
DA:394,1
DA:397,2
DA:398,2
DA:399,2
DA:406,1
DA:415,1
DA:420,1
DA:424,2
DA:435,8
DA:439,1
DA:441,7
DA:442,1
DA:446,6
DA:447,1
DA:450,6
DA:451,6
DA:453,6
DA:454,6
DA:456,6
DA:457,1
DA:463,1
DA:464,1
DA:467,5
DA:471,1
DA:476,4
DA:477,3
DA:480,4
DA:481,2
DA:482,2
DA:483,1
DA:489,1
DA:494,2
DA:500,2
DA:507,1
DA:510,1
DA:511,2
DA:512,2
DA:518,2
DA:519,1
DA:521,2
DA:522,2
DA:525,2
DA:538,2
LF:198
LH:198
BRDA:14,0,0,30
BRDA:14,0,1,7
BRDA:16,1,0,10
BRDA:16,1,1,21
BRDA:21,2,0,7
BRDA:21,2,1,30
BRDA:23,3,0,1
BRDA:23,3,1,7
BRDA:27,4,0,4
BRDA:27,4,1,3
BRDA:39,5,0,36
BRDA:39,5,1,10
BRDA:42,6,0,14
BRDA:42,6,1,22
BRDA:48,7,0,1
BRDA:48,7,1,35
BRDA:49,8,0,36
BRDA:49,8,1,29
BRDA:49,8,2,7
BRDA:54,9,0,29
BRDA:54,9,1,6
BRDA:67,10,0,38
BRDA:67,10,1,7
BRDA:74,11,0,4
BRDA:74,11,1,2
BRDA:83,12,0,1
BRDA:83,12,1,1
BRDA:83,13,0,2
BRDA:83,13,1,1
BRDA:117,14,0,9
BRDA:117,14,1,2
BRDA:117,15,0,11
BRDA:117,15,1,11
BRDA:120,16,0,1
BRDA:120,16,1,1
BRDA:127,17,0,1
BRDA:127,17,1,3
BRDA:137,18,0,1
BRDA:137,18,1,2
BRDA:144,19,0,1
BRDA:144,19,1,2
BRDA:161,20,0,1
BRDA:161,20,1,4
BRDA:181,21,0,3
BRDA:181,21,1,1
BRDA:182,22,0,1
BRDA:182,22,1,2
BRDA:193,23,0,1
BRDA:193,23,1,2
BRDA:213,24,0,1
BRDA:213,24,1,9
BRDA:218,25,0,1
BRDA:218,25,1,8
BRDA:232,26,0,1
BRDA:232,26,1,7
BRDA:248,27,0,1
BRDA:248,27,1,7
BRDA:248,28,0,8
BRDA:248,28,1,8
BRDA:257,29,0,4
BRDA:257,29,1,3
BRDA:267,30,0,3
BRDA:267,30,1,0
BRDA:275,31,0,1
BRDA:275,31,1,5
BRDA:321,32,0,1
BRDA:321,32,1,9
BRDA:321,33,0,10
BRDA:321,33,1,10
BRDA:326,34,0,1
BRDA:326,34,1,8
BRDA:339,35,0,2
BRDA:339,35,1,7
BRDA:340,36,0,1
BRDA:340,36,1,1
BRDA:343,37,0,1
BRDA:343,37,1,0
BRDA:354,38,0,3
BRDA:354,38,1,4
BRDA:354,39,0,7
BRDA:354,39,1,3
BRDA:363,40,0,1
BRDA:363,40,1,7
BRDA:363,41,0,8
BRDA:363,41,1,8
BRDA:372,42,0,4
BRDA:372,42,1,3
BRDA:382,43,0,3
BRDA:382,43,1,0
BRDA:390,44,0,1
BRDA:390,44,1,2
BRDA:435,45,0,1
BRDA:435,45,1,7
BRDA:436,46,0,8
BRDA:436,46,1,8
BRDA:441,47,0,1
BRDA:441,47,1,6
BRDA:446,48,0,1
BRDA:446,48,1,5
BRDA:451,49,0,6
BRDA:451,49,1,0
BRDA:456,50,0,1
BRDA:456,50,1,5
BRDA:467,51,0,1
BRDA:467,51,1,4
BRDA:468,52,0,5
BRDA:468,52,1,5
BRDA:468,52,2,5
BRDA:477,53,0,3
BRDA:477,53,1,3
BRDA:480,54,0,2
BRDA:480,54,1,2
BRDA:482,55,0,1
BRDA:482,55,1,1
BRDA:485,56,0,1
BRDA:485,56,1,0
BRDA:518,57,0,1
BRDA:518,57,1,1
BRF:118
BRH:113
end_of_record
TN:
SF:src/lib/formatAxiosError.js
FN:5,formatRequestError
FNF:1
FNH:1
FNDA:30,formatRequestError
DA:6,30
DA:7,1
DA:9,29
DA:10,1
DA:13,28
DA:14,28
DA:15,14
DA:16,14
DA:17,14
DA:18,14
DA:19,14
DA:20,14
DA:21,11
DA:23,3
DA:28,14
DA:29,14
DA:30,14
DA:31,7
DA:32,7
DA:33,1
DA:36,1
DA:38,14
DA:39,14
DA:41,14
DA:43,3
DA:46,3
DA:48,11
DA:49,10
DA:51,1
DA:52,1
DA:54,1
DA:58,6
LF:32
LH:32
BRDA:6,0,0,1
BRDA:6,0,1,29
BRDA:9,1,0,1
BRDA:9,1,1,28
BRDA:14,2,0,14
BRDA:14,2,1,14
BRDA:16,3,0,14
BRDA:16,3,1,2
BRDA:17,4,0,14
BRDA:17,4,1,2
BRDA:18,5,0,14
BRDA:18,5,1,10
BRDA:18,5,2,4
BRDA:20,6,0,11
BRDA:20,6,1,3
BRDA:20,7,0,14
BRDA:20,7,1,11
BRDA:24,8,0,3
BRDA:24,8,1,3
BRDA:24,8,2,3
BRDA:30,9,0,7
BRDA:30,9,1,7
BRDA:30,10,0,14
BRDA:30,10,1,7
BRDA:32,11,0,1
BRDA:32,11,1,6
BRDA:32,12,0,7
BRDA:32,12,1,6
BRDA:38,13,0,13
BRDA:38,13,1,1
BRDA:41,14,0,3
BRDA:41,14,1,11
BRDA:41,15,0,14
BRDA:41,15,1,3
BRDA:43,16,0,2
BRDA:43,16,1,1
BRDA:46,17,0,1
BRDA:46,17,1,2
BRDA:48,18,0,10
BRDA:48,18,1,1
BRDA:48,19,0,11
BRDA:48,19,1,10
BRF:42
BRH:42
end_of_record
TN:
SF:src/lib/jwt.js
FN:5,(anonymous_0)
FN:12,(anonymous_1)
FNF:2
FNH:2
FNDA:2,(anonymous_0)
FNDA:2,(anonymous_1)
DA:1,2
DA:2,2
DA:3,2
DA:5,2
DA:6,2
DA:7,2
DA:8,2
DA:11,2
DA:13,2
LF:9
LH:9
BRF:0
BRH:0
end_of_record
